<?xml version="1.0" encoding="UTF-8"?>
<testng-results ignored="0" total="1" passed="1" failed="0" skipped="0">
  <reporter-output>
  </reporter-output>
  <suite started-at="2026-05-11T16:28:16 IST" name="Default suite" finished-at="2026-05-11T16:28:16 IST" duration-ms="74">
    <groups>
    </groups>
    <test started-at="2026-05-11T16:28:16 IST" name="Default test" finished-at="2026-05-11T16:28:16 IST" duration-ms="74">
      <class name="saijyothik.jenkins_practice.LoginTest">
        <test-method signature="hello()[pri:0, instance:saijyothik.jenkins_practice.LoginTest@222545dc]" started-at="2026-05-11T16:28:16 IST" name="hello" finished-at="2026-05-11T16:28:16 IST" duration-ms="14" status="PASS">
          <reporter-output>
          </reporter-output>
        </test-method> <!-- hello -->
      </class> <!-- saijyothik.jenkins_practice.LoginTest -->
    </test> <!-- Default test -->
  </suite> <!-- Default suite -->
</testng-results>
